<?xml version="1.0" encoding="UTF-8"?>
<testsuite xmlns:xsi="http://www.w3.org/2001/XMLSchema-instance" xsi:noNamespaceSchemaLocation="https://maven.apache.org/surefire/maven-surefire-plugin/xsd/surefire-test-report.xsd" name="com.example.CoordinationNumberTest" time="0.027" tests="9" errors="0" skipped="0" failures="0">
  <properties>
    <property name="java.specification.version" value="17"/>
    <property name="sun.cpu.isalist" value="amd64"/>
    <property name="sun.jnu.encoding" value="Cp1252"/>
    <property name="java.class.path" value="C:\Users\Uros\Documents\GitHub\demo\target\test-classes;C:\Users\Uros\Documents\GitHub\demo\target\classes;C:\Users\Uros\.m2\repository\junit\junit\4.11\junit-4.11.jar;C:\Users\Uros\.m2\repository\org\hamcrest\hamcrest-core\1.3\hamcrest-core-1.3.jar;"/>
    <property name="java.vm.vendor" value="Oracle Corporation"/>
    <property name="sun.arch.data.model" value="64"/>
    <property name="user.variant" value=""/>
    <property name="java.vendor.url" value="https://java.oracle.com/"/>
    <property name="user.timezone" value="Europe/Stockholm"/>
    <property name="os.name" value="Windows 10"/>
    <property name="java.vm.specification.version" value="17"/>
    <property name="sun.java.launcher" value="SUN_STANDARD"/>
    <property name="user.country" value="SE"/>
    <property name="sun.boot.library.path" value="C:\Program Files\Java\jdk-17.0.1\bin"/>
    <property name="sun.java.command" value="C:\Users\Uros\AppData\Local\Temp\surefire17315610240243212741\surefirebooter6103536462715702521.jar C:\Users\Uros\AppData\Local\Temp\surefire17315610240243212741 2023-10-22T13-29-28_945-jvmRun1 surefire7853787518908367944tmp surefire_09706133086157568123tmp"/>
    <property name="jdk.debug" value="release"/>
    <property name="surefire.test.class.path" value="C:\Users\Uros\Documents\GitHub\demo\target\test-classes;C:\Users\Uros\Documents\GitHub\demo\target\classes;C:\Users\Uros\.m2\repository\junit\junit\4.11\junit-4.11.jar;C:\Users\Uros\.m2\repository\org\hamcrest\hamcrest-core\1.3\hamcrest-core-1.3.jar;"/>
    <property name="sun.cpu.endian" value="little"/>
    <property name="user.home" value="C:\Users\Uros"/>
    <property name="user.language" value="sv"/>
    <property name="java.specification.vendor" value="Oracle Corporation"/>
    <property name="java.version.date" value="2021-10-19"/>
    <property name="java.home" value="C:\Program Files\Java\jdk-17.0.1"/>
    <property name="file.separator" value="\"/>
    <property name="basedir" value="C:\Users\Uros\Documents\GitHub\demo"/>
    <property name="java.vm.compressedOopsMode" value="Zero based"/>
    <property name="line.separator" value="&#10;"/>
    <property name="java.vm.specification.vendor" value="Oracle Corporation"/>
    <property name="java.specification.name" value="Java Platform API Specification"/>
    <property name="surefire.real.class.path" value="C:\Users\Uros\AppData\Local\Temp\surefire17315610240243212741\surefirebooter6103536462715702521.jar"/>
    <property name="user.script" value=""/>
    <property name="sun.management.compiler" value="HotSpot 64-Bit Tiered Compilers"/>
    <property name="java.runtime.version" value="17.0.1+12-LTS-39"/>
    <property name="user.name" value="Uros"/>
    <property name="path.separator" value=";"/>
    <property name="os.version" value="10.0"/>
    <property name="java.runtime.name" value="Java(TM) SE Runtime Environment"/>
    <property name="file.encoding" value="Cp1252"/>
    <property name="java.vm.name" value="Java HotSpot(TM) 64-Bit Server VM"/>
    <property name="localRepository" value="C:\Users\Uros\.m2\repository"/>
    <property name="java.vendor.url.bug" value="https://bugreport.java.com/bugreport/"/>
    <property name="java.io.tmpdir" value="C:\Users\Uros\AppData\Local\Temp\"/>
    <property name="java.version" value="17.0.1"/>
    <property name="user.dir" value="C:\Users\Uros\Documents\GitHub\demo"/>
    <property name="os.arch" value="amd64"/>
    <property name="java.vm.specification.name" value="Java Virtual Machine Specification"/>
    <property name="sun.os.patch.level" value=""/>
    <property name="native.encoding" value="Cp1252"/>
    <property name="java.library.path" value="C:\Program Files\Java\jdk-17.0.1\bin;C:\WINDOWS\Sun\Java\bin;C:\WINDOWS\system32;C:\WINDOWS;C:\Python310\Scripts\;C:\Python310\;C:\Program Files (x86)\Common Files\Intel\Shared Libraries\redist\intel64\compiler;C:\Program Files\Common Files\Oracle\Java\javapath;C:\Program Files (x86)\Common Files\Oracle\Java\javapath;C:\Windows\system32;C:\Windows;C:\Windows\System32\Wbem;C:\Windows\System32\WindowsPowerShell\v1.0\;C:\Windows\System32\OpenSSH\;C:\Program Files (x86)\NVIDIA Corporation\PhysX\Common;C:\Program Files\NVIDIA Corporation\NVIDIA NvDLISR;C:\Program Files\Git\cmd;C:\ProgramData\chocolatey\bin;C:\Program Files\Graphviz\bin;C:\Program Files\php-8.1.10-nts-Win32-vs16-x64;C:\WINDOWS\system32;C:\WINDOWS;C:\WINDOWS\System32\Wbem;C:\WINDOWS\System32\WindowsPowerShell\v1.0\;C:\WINDOWS\System32\OpenSSH\;C:\Gradle\gradle-7.5.1\bin;C:\Program Files\Java\jdk-17.0.1\bin;C:\Program Files\apache-maven-3.8.6\bin;C:\Program Files\spotbugs-4.7.3\bin;C:\Program Files (x86)\Google\Cloud SDK\google-cloud-sdk\bin;C:\Program Files\Docker\Docker\resources\bin;C:\Program Files\nodejs\;C:\ProgramData\ComposerSetup\bin;C:\Users\Uros\.console-ninja\.bin;C:\Users\Uros\AppData\Local\Microsoft\WindowsApps;C:\Users\Uros\AppData\Local\GitHubDesktop\bin;C:\Users\Uros\AppData\Local\Programs\Microsoft VS Code\bin;C:\Users\Uros\AppData\Roaming\npm;C:\Users\Uros\AppData\Roaming\Composer\vendor\bin;."/>
    <property name="java.vm.info" value="mixed mode, sharing"/>
    <property name="java.vendor" value="Oracle Corporation"/>
    <property name="java.vm.version" value="17.0.1+12-LTS-39"/>
    <property name="sun.io.unicode.encoding" value="UnicodeLittle"/>
    <property name="java.class.version" value="61.0"/>
  </properties>
  <testcase name="validCoordinationNumberIsFrom1800" classname="com.example.CoordinationNumberTest" time="0.015"/>
  <testcase name="invalidCoordinationNumberDateBelow61" classname="com.example.CoordinationNumberTest" time="0.001"/>
  <testcase name="validCoordinationNumber" classname="com.example.CoordinationNumberTest" time="0.003"/>
  <testcase name="validCoordinationNumberNot100years" classname="com.example.CoordinationNumberTest" time="0.003"/>
  <testcase name="validCoordinationNumberIs100years" classname="com.example.CoordinationNumberTest" time="0.001"/>
  <testcase name="invalidCoordinationNumberLuhns" classname="com.example.CoordinationNumberTest" time="0"/>
  <testcase name="validCoordinationNumberDelimiterNoCentury" classname="com.example.CoordinationNumberTest" time="0.001"/>
  <testcase name="validCoordinationNumberDelimiter" classname="com.example.CoordinationNumberTest" time="0"/>
  <testcase name="invalidCoordinationNumberDateAbove91" classname="com.example.CoordinationNumberTest" time="0.001"/>
</testsuite>